\BOOKMARK [1][-]{Doc-Start}{\376\377\000R\000\351\000s\000u\000m\000\351\000\040\000e\000x\000\351\000c\000u\000t\000i\000f}{}% 1
\BOOKMARK [1][-]{section.1}{\376\377\000P\000r\000\351\000s\000e\000n\000t\000a\000t\000i\000o\000n\000\040\000d\000u\000\040\000p\000r\000o\000j\000e\000t}{}% 2
\BOOKMARK [2][-]{subsection.1.1}{\376\377\000C\000o\000n\000t\000e\000x\000t\000e}{section.1}% 3
\BOOKMARK [2][-]{subsection.1.2}{\376\377\000O\000b\000j\000e\000c\000t\000i\000f\000s}{section.1}% 4
\BOOKMARK [2][-]{subsection.1.3}{\376\377\000P\000u\000b\000l\000i\000c\000\040\000c\000i\000b\000l\000e}{section.1}% 5
\BOOKMARK [1][-]{section.2}{\376\377\000D\000e\000s\000c\000r\000i\000p\000t\000i\000o\000n\000\040\000f\000o\000n\000c\000t\000i\000o\000n\000n\000e\000l\000l\000e\000\040\000d\000e\000\040\000l\000'\000a\000p\000p\000l\000i\000c\000a\000t\000i\000o\000n}{}% 6
\BOOKMARK [2][-]{subsection.2.1}{\376\377\000V\000u\000e\000\040\000d\000'\000e\000n\000s\000e\000m\000b\000l\000e}{section.2}% 7
\BOOKMARK [2][-]{subsection.2.2}{\376\377\000F\000o\000n\000c\000t\000i\000o\000n\000n\000a\000l\000i\000t\000\351\000s\000\040\000p\000r\000i\000n\000c\000i\000p\000a\000l\000e\000s}{section.2}% 8
\BOOKMARK [3][-]{subsubsection.2.2.1}{\376\377\000M\000o\000d\000\351\000l\000i\000s\000a\000t\000i\000o\000n\000\040\000g\000\351\000o\000g\000r\000a\000p\000h\000i\000q\000u\000e\000\040\000d\000u\000\040\000q\000u\000a\000r\000t\000i\000e\000r}{subsection.2.2}% 9
\BOOKMARK [3][-]{subsubsection.2.2.2}{\376\377\000S\000e\000r\000v\000i\000c\000e\000s\000\040\000e\000n\000t\000r\000e\000\040\000v\000o\000i\000s\000i\000n\000s}{subsection.2.2}% 10
\BOOKMARK [3][-]{subsubsection.2.2.3}{\376\377\000S\000i\000g\000n\000a\000t\000u\000r\000e\000\040\000n\000u\000m\000\351\000r\000i\000q\000u\000e\000\040\000s\000\351\000c\000u\000r\000i\000s\000\351\000e}{subsection.2.2}% 11
\BOOKMARK [3][-]{subsubsection.2.2.4}{\376\377\000\311\000v\000\351\000n\000e\000m\000e\000n\000t\000s\000\040\000e\000t\000\040\000r\000e\000c\000o\000m\000m\000a\000n\000d\000a\000t\000i\000o\000n\000s\000\040\000N\000e\000o\0004\000j}{subsection.2.2}% 12
\BOOKMARK [3][-]{subsubsection.2.2.5}{\376\377\000M\000e\000s\000s\000a\000g\000e\000r\000i\000e\000\040\000m\000u\000l\000t\000i\000m\000\351\000d\000i\000a}{subsection.2.2}% 13
\BOOKMARK [3][-]{subsubsection.2.2.6}{\376\377\000V\000o\000t\000e\000s}{subsection.2.2}% 14
\BOOKMARK [3][-]{subsubsection.2.2.7}{\376\377\000S\000\351\000c\000u\000r\000i\000t\000\351\000\040\000e\000t\000\040\000R\000G\000P\000D}{subsection.2.2}% 15
\BOOKMARK [3][-]{subsubsection.2.2.8}{\376\377\000M\000u\000l\000t\000i\000l\000i\000n\000g\000u\000e}{subsection.2.2}% 16
\BOOKMARK [3][-]{subsubsection.2.2.9}{\376\377\000A\000p\000p\000l\000i\000c\000a\000t\000i\000o\000n\000\040\000J\000a\000v\000a\000\040\000D\000e\000s\000k\000t\000o\000p}{subsection.2.2}% 17
\BOOKMARK [2][-]{subsection.2.3}{\376\377\000P\000a\000r\000c\000o\000u\000r\000s\000\040\000u\000t\000i\000l\000i\000s\000a\000t\000e\000u\000r}{section.2}% 18
\BOOKMARK [1][-]{section.3}{\376\377\000A\000r\000c\000h\000i\000t\000e\000c\000t\000u\000r\000e\000\040\000e\000t\000\040\000i\000n\000f\000r\000a\000s\000t\000r\000u\000c\000t\000u\000r\000e\000\040\000t\000e\000c\000h\000n\000i\000q\000u\000e}{}% 19
\BOOKMARK [2][-]{subsection.3.1}{\376\377\000A\000r\000c\000h\000i\000t\000e\000c\000t\000u\000r\000e\000\040\000g\000\351\000n\000\351\000r\000a\000l\000e}{section.3}% 20
\BOOKMARK [2][-]{subsection.3.2}{\376\377\000T\000e\000c\000h\000n\000o\000l\000o\000g\000i\000e\000s\000\040\000u\000t\000i\000l\000i\000s\000\351\000e\000s}{section.3}% 21
\BOOKMARK [2][-]{subsection.3.3}{\376\377\000G\000e\000s\000t\000i\000o\000n\000\040\000d\000e\000s\000\040\000d\000o\000n\000n\000\351\000e\000s}{section.3}% 22
\BOOKMARK [2][-]{subsection.3.4}{\376\377\000M\000\351\000c\000a\000n\000i\000s\000m\000e\000\040\000d\000e\000\040\000s\000y\000n\000c\000h\000r\000o\000n\000i\000s\000a\000t\000i\000o\000n\000\040\000O\000f\000f\000l\000i\000n\000e\000-\000F\000i\000r\000s\000t}{section.3}% 23
\BOOKMARK [1][-]{section.4}{\376\377\000O\000r\000g\000a\000n\000i\000s\000a\000t\000i\000o\000n\000\040\000d\000u\000\040\000p\000r\000o\000j\000e\000t}{}% 24
\BOOKMARK [2][-]{subsection.4.1}{\376\377\000G\000e\000s\000t\000i\000o\000n\000\040\000d\000u\000\040\000c\000o\000d\000e\000\040\000s\000o\000u\000r\000c\000e}{section.4}% 25
\BOOKMARK [2][-]{subsection.4.2}{\376\377\000G\000e\000s\000t\000i\000o\000n\000\040\000d\000e\000\040\000p\000r\000o\000j\000e\000t}{section.4}% 26
\BOOKMARK [2][-]{subsection.4.3}{\376\377\000R\000\351\000p\000a\000r\000t\000i\000t\000i\000o\000n\000\040\000d\000e\000s\000\040\000r\000\364\000l\000e\000s}{section.4}% 27
\BOOKMARK [1][-]{section.5}{\376\377\000I\000d\000e\000n\000t\000i\000t\000\351\000\040\000d\000u\000\040\000p\000r\000o\000j\000e\000t}{}% 28
\BOOKMARK [2][-]{subsection.5.1}{\376\377\000N\000o\000m\000\040\000d\000u\000\040\000p\000r\000o\000j\000e\000t}{section.5}% 29
\BOOKMARK [2][-]{subsection.5.2}{\376\377\000L\000o\000g\000o\000\040\000e\000t\000\040\000i\000d\000e\000n\000t\000i\000t\000\351\000\040\000v\000i\000s\000u\000e\000l\000l\000e}{section.5}% 30
\BOOKMARK [1][-]{subsection.5.2}{\376\377\000C\000o\000n\000c\000l\000u\000s\000i\000o\000n}{}% 31
